juil.-24 10:38:23.061 [main] DEBUG nextflow.cli.Launcher - $> nextflow src/hello_world.nf
juil.-24 10:38:23.103 [main] INFO  nextflow.cli.CmdRun - N E X T F L O W  ~  version 23.04.2
juil.-24 10:38:23.115 [main] DEBUG nextflow.plugin.PluginsFacade - Setting up plugin manager > mode=prod; embedded=false; plugins-dir=/home/quentin/.nextflow/plugins; core-plugins: nf-amazon@1.16.2,nf-azure@1.0.1,nf-codecommit@0.1.4,nf-console@1.0.5,nf-ga4gh@1.0.5,nf-google@1.7.3,nf-tower@1.5.12,nf-wave@0.8.3
juil.-24 10:38:23.121 [main] INFO  org.pf4j.DefaultPluginStatusProvider - Enabled plugins: []
juil.-24 10:38:23.122 [main] INFO  org.pf4j.DefaultPluginStatusProvider - Disabled plugins: []
juil.-24 10:38:23.124 [main] INFO  org.pf4j.DefaultPluginManager - PF4J version 3.4.1 in 'deployment' mode
juil.-24 10:38:23.130 [main] INFO  org.pf4j.AbstractPluginManager - No plugins
juil.-24 10:38:23.174 [main] DEBUG nextflow.cli.CmdRun - Applied DSL=2 by global default
juil.-24 10:38:23.184 [main] INFO  nextflow.cli.CmdRun - Launching `src/hello_world.nf` [spontaneous_elion] DSL2 - revision: f40a385dbf
juil.-24 10:38:23.184 [main] DEBUG nextflow.plugin.PluginsFacade - Plugins default=[]
juil.-24 10:38:23.184 [main] DEBUG nextflow.plugin.PluginsFacade - Plugins resolved requirement=[]
juil.-24 10:38:23.190 [main] DEBUG nextflow.secret.LocalSecretsProvider - Secrets store: /home/quentin/.nextflow/secrets/store.json
juil.-24 10:38:23.195 [main] DEBUG nextflow.secret.SecretsLoader - Discovered secrets providers: [nextflow.secret.LocalSecretsProvider@516ebdf8] - activable => nextflow.secret.LocalSecretsProvider@516ebdf8
juil.-24 10:38:23.238 [main] DEBUG nextflow.Session - Session UUID: 07912e22-b21d-4447-b4b5-063fec72a127
juil.-24 10:38:23.238 [main] DEBUG nextflow.Session - Run name: spontaneous_elion
juil.-24 10:38:23.239 [main] DEBUG nextflow.Session - Executor pool size: 16
juil.-24 10:38:23.245 [main] DEBUG nextflow.util.ThreadPoolBuilder - Creating thread pool 'FileTransfer' minSize=10; maxSize=48; workQueue=LinkedBlockingQueue[10000]; allowCoreThreadTimeout=false
juil.-24 10:38:23.261 [main] DEBUG nextflow.cli.CmdRun - 
  Version: 23.04.2 build 5870
  Created: 08-06-2023 08:29 UTC (10:29 CEST)
  System: Linux 6.2.0-25-generic
  Runtime: Groovy 3.0.16 on OpenJDK 64-Bit Server VM 17.0.6+10
  Encoding: UTF-8 (UTF-8)
  Process: 600094@qfixe [127.0.1.1]
  CPUs: 16 - Mem: 31.2 GB (14.1 GB) - Swap: 59.6 GB (59.6 GB)
juil.-24 10:38:23.274 [main] DEBUG nextflow.Session - Work-dir: /home/quentin/nextflow_projects/nextflow_fastqc/work [ext2/ext3]
juil.-24 10:38:23.275 [main] DEBUG nextflow.Session - Script base path does not exist or is not a directory: /home/quentin/nextflow_projects/nextflow_fastqc/src/bin
juil.-24 10:38:23.280 [main] DEBUG nextflow.executor.ExecutorFactory - Extension executors providers=[]
juil.-24 10:38:23.286 [main] DEBUG nextflow.Session - Observer factory: DefaultObserverFactory
juil.-24 10:38:23.298 [main] DEBUG nextflow.cache.CacheFactory - Using Nextflow cache factory: nextflow.cache.DefaultCacheFactory
juil.-24 10:38:23.303 [main] DEBUG nextflow.util.CustomThreadPool - Creating default thread pool > poolSize: 17; maxThreads: 1000
juil.-24 10:38:23.362 [main] DEBUG nextflow.Session - Session start
juil.-24 10:38:23.697 [main] DEBUG nextflow.script.ScriptRunner - > Launching execution
juil.-24 10:38:23.739 [main] DEBUG nextflow.executor.ExecutorFactory - << taskConfig executor: null
juil.-24 10:38:23.740 [main] DEBUG nextflow.executor.ExecutorFactory - >> processorType: 'local'
juil.-24 10:38:23.743 [main] DEBUG nextflow.executor.Executor - [warm up] executor > local
juil.-24 10:38:23.746 [main] DEBUG n.processor.LocalPollingMonitor - Creating local task monitor for executor 'local' > cpus=16; memory=31.2 GB; capacity=16; pollInterval=100ms; dumpInterval=5m
juil.-24 10:38:23.824 [main] DEBUG nextflow.Session - Workflow process names [dsl2]: sayHello
juil.-24 10:38:23.824 [main] DEBUG nextflow.Session - Igniting dataflow network (1)
juil.-24 10:38:23.824 [main] DEBUG nextflow.processor.TaskProcessor - Starting process > sayHello
juil.-24 10:38:23.825 [main] DEBUG nextflow.script.ScriptRunner - > Awaiting termination 
juil.-24 10:38:23.825 [main] DEBUG nextflow.Session - Session await
juil.-24 10:38:23.892 [Task submitter] DEBUG n.executor.local.LocalTaskHandler - Launch cmd line: /bin/bash -ue .command.run
juil.-24 10:38:23.894 [Task submitter] INFO  nextflow.Session - [0c/2e7ec8] Submitted process > sayHello
juil.-24 10:38:23.928 [Task monitor] DEBUG n.processor.TaskPollingMonitor - Task completed > TaskHandler[id: 1; name: sayHello; status: COMPLETED; exit: 0; error: -; workDir: /home/quentin/nextflow_projects/nextflow_fastqc/work/0c/2e7ec89d821f22d66ee1ffd585b9bf]
juil.-24 10:38:23.932 [main] DEBUG nextflow.Session - Session await > all processes finished
juil.-24 10:38:23.932 [main] DEBUG nextflow.Session - Session await > all barriers passed
juil.-24 10:38:23.938 [main] DEBUG nextflow.trace.WorkflowStatsObserver - Workflow completed > WorkflowStats[succeededCount=1; failedCount=0; ignoredCount=0; cachedCount=0; pendingCount=0; submittedCount=0; runningCount=0; retriesCount=0; abortedCount=0; succeedDuration=1ms; failedDuration=0ms; cachedDuration=0ms;loadCpus=0; loadMemory=0; peakRunning=1; peakCpus=1; peakMemory=0; ]
juil.-24 10:38:23.978 [main] DEBUG nextflow.cache.CacheDB - Closing CacheDB done
juil.-24 10:38:23.982 [main] DEBUG nextflow.util.ThreadPoolManager - Thread pool 'FileTransfer' shutdown completed (hard=false)
juil.-24 10:38:23.983 [main] DEBUG nextflow.script.ScriptRunner - > Execution complete -- Goodbye
